[Pass 1 time: 0.09 sec     dicttok]
[Pass 2 time: 0.001 sec     KBFuncs]
[Pass 3 time: 0.001 sec     kbinit]
[Pass 4 time: 0.001 sec     funcs]
[Pass 5 time: 0.145 sec     Lines]
[Pass 6 time: 0.081 sec     email1]
[Pass 7 time: 0.078 sec     email11]
[Pass 8 time: 0.075 sec     email12]
[Pass 9 time: 0.074 sec     email2]
[Pass 10 time: 0.074 sec     email3]
[Pass 11 time: 0.072 sec     email4]
[Pass 12 time: 0.081 sec     email5]
[Pass 13 time: 0.08 sec     email6]
[Pass 14 time: 0.086 sec     email7]
[Pass 15 time: 0.062 sec     kbdisp01]
[Pass 16 time: 0.055 sec     output]
[Input file: c:\ssh\analyzers\emailaddress\input\text.txt]
[Total passes: 16]
[Total time: 1.06 sec]
[Time per 1000 chars (1.06/1472): 0.720109 sec]
[Time per pass per 1000 chars: 0.0450068]
infile  passes tottime length tot/1000 tot/pass/1000
c:\ssh\analyzers\emailaddress\input\text.txt	16	1.06	1472	0.720109	0.0450068
[Clean time: 0.001 sec]
