[Pass 1 time: 0.082 sec     dicttok]
[Pass 2 time: 0 sec     KBFuncs]
[Pass 3 time: 0.001 sec     funcs]
[Pass 4 time: 0.001 sec     kbinit]
[Pass 5 time: 0.079 sec     Lines]
[Pass 6 time: 0.161 sec     removeblankline]
[Pass 7 time: 0.079 sec     Links]
[Pass 8 time: 0.079 sec     Link1]
[Pass 9 time: 0.079 sec     Link2]
[Pass 10 time: 0.078 sec     Link3]
[Pass 11 time: 0.088 sec     Link4]
[Pass 12 time: 0.089 sec     Link5]
[Pass 13 time: 0.091 sec     Link6]
[Pass 14 time: 0.099 sec     Link7]
[Pass 15 time: 0.044 sec     Link8]
[Pass 16 time: 0.043 sec     output]
[Input file: c:\ssh\analyzers\links\input\text.txt]
[Total passes: 16]
[Total time: 1.097 sec]
[Time per 1000 chars (1.097/1792): 0.612165 sec]
[Time per pass per 1000 chars: 0.0382603]
infile  passes tottime length tot/1000 tot/pass/1000
c:\ssh\analyzers\links\input\text.txt	16	1.097	1792	0.612165	0.0382603
[Clean time: 0.001 sec]
