[command arg: -ANA]
[command arg: c:\ssh\analyzers\links\]
[command arg: -WORK]
[command arg: c:\Users\David de Hilster\.vscode\extensions\dehilster.nlp-2.43.6\nlp-engine]
[command arg: c:\ssh\analyzers\links\input\text.txt]
[command arg: -DEV]
[logfile: c:\Users\David de Hilster\.vscode\extensions\dehilster.nlp-2.43.6\nlp-engine\vtrun_logfile.out]
[rfbdir: c:\Users\David de Hilster\.vscode\extensions\dehilster.nlp-2.43.6\nlp-engine\data\rfb\spec]
[analyzer directory: c:\ssh\analyzers\links\]
[analyzer name: ]
[rfb file: c:\Users\David de Hilster\.vscode\extensions\dehilster.nlp-2.43.6\nlp-engine\data\rfb\spec]
[log file: .\tmp\visualtext.log]
[spec directory: c:\ssh\analyzers\links\\spec]
[spec file: c:\ssh\analyzers\links\\spec\analyzer.seq]
[output directory: c:\ssh\analyzers\links\\output]
[infile path: c:\ssh\analyzers\links\input\text.txt]
[outfile path: c:\ssh\analyzers\links\\outfile.txt]
[outdir path: c:\ssh\analyzers\links\input\text.txt_log]
[AFTER VTRUN DELETE: ]
Active Algo count=1
