[Pass 1 time: 0.101 sec     dicttok]
[Pass 2 time: 0.001 sec     KBFuncs]
[Pass 3 time: 0.001 sec     funcs]
[Pass 4 time: 0 sec     kbinit]
[Pass 5 time: 0.049 sec     Lines]
[Pass 6 time: 0.044 sec     RemoveWhiteSpace]
[Pass 7 time: 0.056 sec     pincode]
[Pass 8 time: 0.046 sec     RemoveSpecialChars]
[Pass 9 time: 0.04 sec     PrecedingWords]
[Pass 10 time: 0.042 sec     removelines]
[Pass 11 time: 0.041 sec     Grouping]
[Pass 12 time: 0.044 sec     information1]
[Pass 13 time: 0.049 sec     information2]
[Pass 14 time: 0.053 sec     information3]
[Pass 15 time: 0.151 sec     countryname]
[Pass 16 time: 0.064 sec     kbmake]
[Pass 17 time: 0.136 sec     kbdisp01]
[Pass 18 time: 0.127 sec     output]
[Input file: c:\ssh\analyzers\address-parser\input\text.txt]
[Total passes: 18]
[Total time: 1.05 sec]
[Time per 1000 chars (1.05/1056): 0.994318 sec]
[Time per pass per 1000 chars: 0.0552399]
infile  passes tottime length tot/1000 tot/pass/1000
c:\ssh\analyzers\address-parser\input\text.txt	18	1.05	1056	0.994318	0.0552399
[Clean time: 0.001 sec]
